This file contains any messages produced by compilers while
running configure, to aid debugging if configure makes a mistake.

It was created by configure, which was
generated by GNU Autoconf 2.69.  Invocation command line was

  $ ./configure 

## --------- ##
## Platform. ##
## --------- ##

hostname = tangjianbo-Z97-HD3
uname -m = x86_64
uname -r = 3.13.0-85-generic
uname -s = Linux
uname -v = #129-Ubuntu SMP Thu Mar 17 20:50:15 UTC 2016

/usr/bin/uname -p = unknown
/bin/uname -X     = unknown

/bin/arch              = unknown
/usr/bin/arch -k       = unknown
/usr/convex/getsysinfo = unknown
/usr/bin/hostinfo      = unknown
/bin/machine           = unknown
/usr/bin/oslevel       = unknown
/bin/universe          = unknown

PATH: /home/tangjianbo/torch/install/bin
PATH: /home/tangjianbo/torch/install/bin
PATH: /usr/lib/java/jre1.8.0_65/bin
PATH: /usr/local/sbin
PATH: /usr/local/bin
PATH: /usr/sbin
PATH: /usr/bin
PATH: /sbin
PATH: /bin
PATH: /usr/games
PATH: /usr/local/games
PATH: /usr/local/cuda/bin
PATH: /home/tangjianbo/Matlab/R2014b/bin/


## ----------- ##
## Core tests. ##
## ----------- ##

configure:2555: checking build system type
configure:2569: result: x86_64-unknown-linux-gnu
configure:2589: checking host system type
configure:2602: result: x86_64-unknown-linux-gnu
configure:2622: checking target system type
configure:2635: result: x86_64-unknown-linux-gnu
configure:2704: checking for a BSD-compatible install
configure:2772: result: /usr/bin/install -c
configure:2783: checking whether build environment is sane
configure:2838: result: yes
configure:2989: checking for a thread-safe mkdir -p
configure:3028: result: /bin/mkdir -p
configure:3035: checking for gawk
configure:3065: result: no
configure:3035: checking for mawk
configure:3051: found /usr/bin/mawk
configure:3062: result: mawk
configure:3073: checking whether make sets $(MAKE)
configure:3095: result: yes
configure:3124: checking whether make supports nested variables
configure:3141: result: yes
configure:3337: checking for g++
configure:3353: found /usr/bin/g++
configure:3364: result: g++
configure:3391: checking for C++ compiler version
configure:3400: g++ --version >&5
g++ (Ubuntu 4.8.4-2ubuntu1~14.04.1) 4.8.4
Copyright (C) 2013 Free Software Foundation, Inc.
This is free software; see the source for copying conditions.  There is NO
warranty; not even for MERCHANTABILITY or FITNESS FOR A PARTICULAR PURPOSE.

configure:3411: $? = 0
configure:3400: g++ -v >&5
Using built-in specs.
COLLECT_GCC=g++
COLLECT_LTO_WRAPPER=/usr/lib/gcc/x86_64-linux-gnu/4.8/lto-wrapper
Target: x86_64-linux-gnu
Configured with: ../src/configure -v --with-pkgversion='Ubuntu 4.8.4-2ubuntu1~14.04.1' --with-bugurl=file:///usr/share/doc/gcc-4.8/README.Bugs --enable-languages=c,c++,java,go,d,fortran,objc,obj-c++ --prefix=/usr --program-suffix=-4.8 --enable-shared --enable-linker-build-id --libexecdir=/usr/lib --without-included-gettext --enable-threads=posix --with-gxx-include-dir=/usr/include/c++/4.8 --libdir=/usr/lib --enable-nls --with-sysroot=/ --enable-clocale=gnu --enable-libstdcxx-debug --enable-libstdcxx-time=yes --enable-gnu-unique-object --disable-libmudflap --enable-plugin --with-system-zlib --disable-browser-plugin --enable-java-awt=gtk --enable-gtk-cairo --with-java-home=/usr/lib/jvm/java-1.5.0-gcj-4.8-amd64/jre --enable-java-home --with-jvm-root-dir=/usr/lib/jvm/java-1.5.0-gcj-4.8-amd64 --with-jvm-jar-dir=/usr/lib/jvm-exports/java-1.5.0-gcj-4.8-amd64 --with-arch-directory=amd64 --with-ecj-jar=/usr/share/java/eclipse-ecj.jar --enable-objc-gc --enable-multiarch --disable-werror --with-arch-32=i686 --with-abi=m64 --with-multilib-list=m32,m64,mx32 --with-tune=generic --enable-checking=release --build=x86_64-linux-gnu --host=x86_64-linux-gnu --target=x86_64-linux-gnu
Thread model: posix
gcc version 4.8.4 (Ubuntu 4.8.4-2ubuntu1~14.04.1) 
configure:3411: $? = 0
configure:3400: g++ -V >&5
g++: error: unrecognized command line option '-V'
g++: fatal error: no input files
compilation terminated.
configure:3411: $? = 4
configure:3400: g++ -qversion >&5
g++: error: unrecognized command line option '-qversion'
g++: fatal error: no input files
compilation terminated.
configure:3411: $? = 4
configure:3431: checking whether the C++ compiler works
configure:3453: g++    conftest.cpp  >&5
configure:3457: $? = 0
configure:3505: result: yes
configure:3508: checking for C++ compiler default output file name
configure:3510: result: a.out
configure:3516: checking for suffix of executables
configure:3523: g++ -o conftest    conftest.cpp  >&5
configure:3527: $? = 0
configure:3549: result: 
configure:3571: checking whether we are cross compiling
configure:3579: g++ -o conftest    conftest.cpp  >&5
configure:3583: $? = 0
configure:3590: ./conftest
configure:3594: $? = 0
configure:3609: result: no
configure:3614: checking for suffix of object files
configure:3636: g++ -c   conftest.cpp >&5
configure:3640: $? = 0
configure:3661: result: o
configure:3665: checking whether we are using the GNU C++ compiler
configure:3684: g++ -c   conftest.cpp >&5
configure:3684: $? = 0
configure:3693: result: yes
configure:3702: checking whether g++ accepts -g
configure:3722: g++ -c -g  conftest.cpp >&5
configure:3722: $? = 0
configure:3763: result: yes
configure:3797: checking for style of include used by make
configure:3825: result: GNU
configure:3851: checking dependency style of g++
configure:3962: result: gcc3
configure:4029: checking for gcc
configure:4045: found /usr/bin/gcc
configure:4056: result: gcc
configure:4285: checking for C compiler version
configure:4294: gcc --version >&5
gcc (Ubuntu 4.8.4-2ubuntu1~14.04.1) 4.8.4
Copyright (C) 2013 Free Software Foundation, Inc.
This is free software; see the source for copying conditions.  There is NO
warranty; not even for MERCHANTABILITY or FITNESS FOR A PARTICULAR PURPOSE.

configure:4305: $? = 0
configure:4294: gcc -v >&5
Using built-in specs.
COLLECT_GCC=gcc
COLLECT_LTO_WRAPPER=/usr/lib/gcc/x86_64-linux-gnu/4.8/lto-wrapper
Target: x86_64-linux-gnu
Configured with: ../src/configure -v --with-pkgversion='Ubuntu 4.8.4-2ubuntu1~14.04.1' --with-bugurl=file:///usr/share/doc/gcc-4.8/README.Bugs --enable-languages=c,c++,java,go,d,fortran,objc,obj-c++ --prefix=/usr --program-suffix=-4.8 --enable-shared --enable-linker-build-id --libexecdir=/usr/lib --without-included-gettext --enable-threads=posix --with-gxx-include-dir=/usr/include/c++/4.8 --libdir=/usr/lib --enable-nls --with-sysroot=/ --enable-clocale=gnu --enable-libstdcxx-debug --enable-libstdcxx-time=yes --enable-gnu-unique-object --disable-libmudflap --enable-plugin --with-system-zlib --disable-browser-plugin --enable-java-awt=gtk --enable-gtk-cairo --with-java-home=/usr/lib/jvm/java-1.5.0-gcj-4.8-amd64/jre --enable-java-home --with-jvm-root-dir=/usr/lib/jvm/java-1.5.0-gcj-4.8-amd64 --with-jvm-jar-dir=/usr/lib/jvm-exports/java-1.5.0-gcj-4.8-amd64 --with-arch-directory=amd64 --with-ecj-jar=/usr/share/java/eclipse-ecj.jar --enable-objc-gc --enable-multiarch --disable-werror --with-arch-32=i686 --with-abi=m64 --with-multilib-list=m32,m64,mx32 --with-tune=generic --enable-checking=release --build=x86_64-linux-gnu --host=x86_64-linux-gnu --target=x86_64-linux-gnu
Thread model: posix
gcc version 4.8.4 (Ubuntu 4.8.4-2ubuntu1~14.04.1) 
configure:4305: $? = 0
configure:4294: gcc -V >&5
gcc: error: unrecognized command line option '-V'
gcc: fatal error: no input files
compilation terminated.
configure:4305: $? = 4
configure:4294: gcc -qversion >&5
gcc: error: unrecognized command line option '-qversion'
gcc: fatal error: no input files
compilation terminated.
configure:4305: $? = 4
configure:4309: checking whether we are using the GNU C compiler
configure:4328: gcc -c   conftest.c >&5
configure:4328: $? = 0
configure:4337: result: yes
configure:4346: checking whether gcc accepts -g
configure:4366: gcc -c -g  conftest.c >&5
configure:4366: $? = 0
configure:4407: result: yes
configure:4424: checking for gcc option to accept ISO C89
configure:4487: gcc  -c -g -O2  conftest.c >&5
configure:4487: $? = 0
configure:4500: result: none needed
configure:4525: checking whether gcc understands -c and -o together
configure:4547: gcc -c conftest.c -o conftest2.o
configure:4550: $? = 0
configure:4547: gcc -c conftest.c -o conftest2.o
configure:4550: $? = 0
configure:4562: result: yes
configure:4581: checking dependency style of gcc
configure:4692: result: gcc3
configure:4713: checking how to run the C preprocessor
configure:4744: gcc -E  conftest.c
configure:4744: $? = 0
configure:4758: gcc -E  conftest.c
conftest.c:11:28: fatal error: ac_nonexistent.h: No such file or directory
 #include <ac_nonexistent.h>
                            ^
compilation terminated.
configure:4758: $? = 1
configure: failed program was:
| /* confdefs.h */
| #define PACKAGE_NAME ""
| #define PACKAGE_TARNAME ""
| #define PACKAGE_VERSION ""
| #define PACKAGE_STRING ""
| #define PACKAGE_BUGREPORT ""
| #define PACKAGE_URL ""
| #define PACKAGE "ZThread"
| #define VERSION "2.3.3"
| /* end confdefs.h.  */
| #include <ac_nonexistent.h>
configure:4783: result: gcc -E
configure:4803: gcc -E  conftest.c
configure:4803: $? = 0
configure:4817: gcc -E  conftest.c
conftest.c:11:28: fatal error: ac_nonexistent.h: No such file or directory
 #include <ac_nonexistent.h>
                            ^
compilation terminated.
configure:4817: $? = 1
configure: failed program was:
| /* confdefs.h */
| #define PACKAGE_NAME ""
| #define PACKAGE_TARNAME ""
| #define PACKAGE_VERSION ""
| #define PACKAGE_STRING ""
| #define PACKAGE_BUGREPORT ""
| #define PACKAGE_URL ""
| #define PACKAGE "ZThread"
| #define VERSION "2.3.3"
| /* end confdefs.h.  */
| #include <ac_nonexistent.h>
configure:4846: checking for grep that handles long lines and -e
configure:4904: result: /bin/grep
configure:4909: checking for egrep
configure:4971: result: /bin/grep -E
configure:4976: checking for ANSI C header files
configure:4996: gcc -c -g -O2  conftest.c >&5
configure:4996: $? = 0
configure:5069: gcc -o conftest -g -O2   conftest.c  >&5
configure:5069: $? = 0
configure:5069: ./conftest
configure:5069: $? = 0
configure:5080: result: yes
configure:5093: checking for sys/types.h
configure:5093: gcc -c -g -O2  conftest.c >&5
configure:5093: $? = 0
configure:5093: result: yes
configure:5093: checking for sys/stat.h
configure:5093: gcc -c -g -O2  conftest.c >&5
configure:5093: $? = 0
configure:5093: result: yes
configure:5093: checking for stdlib.h
configure:5093: gcc -c -g -O2  conftest.c >&5
configure:5093: $? = 0
configure:5093: result: yes
configure:5093: checking for string.h
configure:5093: gcc -c -g -O2  conftest.c >&5
configure:5093: $? = 0
configure:5093: result: yes
configure:5093: checking for memory.h
configure:5093: gcc -c -g -O2  conftest.c >&5
configure:5093: $? = 0
configure:5093: result: yes
configure:5093: checking for strings.h
configure:5093: gcc -c -g -O2  conftest.c >&5
configure:5093: $? = 0
configure:5093: result: yes
configure:5093: checking for inttypes.h
configure:5093: gcc -c -g -O2  conftest.c >&5
configure:5093: $? = 0
configure:5093: result: yes
configure:5093: checking for stdint.h
configure:5093: gcc -c -g -O2  conftest.c >&5
configure:5093: $? = 0
configure:5093: result: yes
configure:5093: checking for unistd.h
configure:5093: gcc -c -g -O2  conftest.c >&5
configure:5093: $? = 0
configure:5093: result: yes
configure:5148: checking pthread.h usability
configure:5148: gcc -c -g -O2  conftest.c >&5
configure:5148: $? = 0
configure:5148: result: yes
configure:5148: checking pthread.h presence
configure:5148: gcc -E  conftest.c
configure:5148: $? = 0
configure:5148: result: yes
configure:5148: checking for pthread.h
configure:5148: result: yes
configure:5150: checking for linker option -pthread
configure:5169: gcc -o conftest -g -O2   conftest.c ac_save_LIBS  -pthread >&5
gcc: error: ac_save_LIBS: No such file or directory
configure:5169: $? = 1
configure: failed program was:
| /* confdefs.h */
| #define PACKAGE_NAME ""
| #define PACKAGE_TARNAME ""
| #define PACKAGE_VERSION ""
| #define PACKAGE_STRING ""
| #define PACKAGE_BUGREPORT ""
| #define PACKAGE_URL ""
| #define PACKAGE "ZThread"
| #define VERSION "2.3.3"
| #define STDC_HEADERS 1
| #define HAVE_SYS_TYPES_H 1
| #define HAVE_SYS_STAT_H 1
| #define HAVE_STDLIB_H 1
| #define HAVE_STRING_H 1
| #define HAVE_MEMORY_H 1
| #define HAVE_STRINGS_H 1
| #define HAVE_INTTYPES_H 1
| #define HAVE_STDINT_H 1
| #define HAVE_UNISTD_H 1
| /* end confdefs.h.  */
| #include <pthread.h>
| int
| main ()
| {
| 
|       pthread_create((pthread_t*) 0,(pthread_attr_t*) 0, 0, 0);
| 
|   ;
|   return 0;
| }
configure:5179: result: no
configure:5181: checking for linker option -lpthread
configure:5199: gcc -o conftest -g -O2   conftest.c   -lpthread >&5
conftest.c: In function 'main':
conftest.c:26:8: warning: null argument where non-null required (argument 1) [-Wnonnull]
        pthread_create((pthread_t*) 0,(pthread_attr_t*) 0, 0, 0);
        ^
conftest.c:26:8: warning: null argument where non-null required (argument 3) [-Wnonnull]
configure:5199: $? = 0
configure:5200: result: yes
configure:5228: checking for sched_get_priority_max in -lrt
configure:5253: gcc -o conftest -g -O2   conftest.c -lrt    -lpthread >&5
configure:5253: $? = 0
configure:5262: result: yes
configure:5275: checking for sched_yield
configure:5288: gcc -o conftest -g -O2   conftest.c   -lpthread >&5
configure:5288: $? = 0
configure:5289: result: yes
configure:5301: checking for pthread_yield
configure:5314: gcc -o conftest -g -O2   conftest.c   -lpthread >&5
configure:5314: $? = 0
configure:5315: result: yes
configure:5327: checking for pthread_key_create
configure:5340: gcc -o conftest -g -O2   conftest.c   -lpthread >&5
conftest.c: In function 'main':
conftest.c:29:2: warning: null argument where non-null required (argument 1) [-Wnonnull]
  pthread_key_create(0, 0);
  ^
configure:5340: $? = 0
configure:5341: result: yes
configure:5431: checking for doxygen
configure:5464: result: no
configure:5636: checking sys/time.h usability
configure:5636: gcc -c -g -O2  conftest.c >&5
configure:5636: $? = 0
configure:5636: result: yes
configure:5636: checking sys/time.h presence
configure:5636: gcc -E  conftest.c
configure:5636: $? = 0
configure:5636: result: yes
configure:5636: checking for sys/time.h
configure:5636: result: yes
configure:5638: checking for _ftime()
configure:5652: gcc -o conftest -g -O2   conftest.c  >&5
/tmp/cclUTpky.o: In function `main':
/home/tangjianbo/Downloads/zthread-master/conftest.c:30: undefined reference to `_ftime'
collect2: error: ld returned 1 exit status
configure:5652: $? = 1
configure: failed program was:
| /* confdefs.h */
| #define PACKAGE_NAME ""
| #define PACKAGE_TARNAME ""
| #define PACKAGE_VERSION ""
| #define PACKAGE_STRING ""
| #define PACKAGE_BUGREPORT ""
| #define PACKAGE_URL ""
| #define PACKAGE "ZThread"
| #define VERSION "2.3.3"
| #define STDC_HEADERS 1
| #define HAVE_SYS_TYPES_H 1
| #define HAVE_SYS_STAT_H 1
| #define HAVE_STDLIB_H 1
| #define HAVE_STRING_H 1
| #define HAVE_MEMORY_H 1
| #define HAVE_STRINGS_H 1
| #define HAVE_INTTYPES_H 1
| #define HAVE_STDINT_H 1
| #define HAVE_UNISTD_H 1
| #define HAVE_POSIX_THREADS /**/
| #define HAVE_SCHED_RT /**/
| #define HAVE_SCHED_YIELD /**/
| #define HAVE_PTHREAD_YIELD /**/
| #define HAVE_PTHREADKEY_CREATE /**/
| /* end confdefs.h.  */
| #include <sys/time.h>
| int
| main ()
| {
| _ftime(0);
|   ;
|   return 0;
| }
configure:5663: result: no
configure:5678: checking sys/timeb.h usability
configure:5678: gcc -c -g -O2  conftest.c >&5
configure:5678: $? = 0
configure:5678: result: yes
configure:5678: checking sys/timeb.h presence
configure:5678: gcc -E  conftest.c
configure:5678: $? = 0
configure:5678: result: yes
configure:5678: checking for sys/timeb.h
configure:5678: result: yes
configure:5680: checking for ftime()
configure:5694: gcc -o conftest -g -O2   conftest.c  >&5
configure:5694: $? = 0
configure:5695: result: yes
configure:5764: checking how to run the C++ preprocessor
configure:5791: g++ -E  conftest.cpp
configure:5791: $? = 0
configure:5805: g++ -E  conftest.cpp
conftest.cpp:27:28: fatal error: ac_nonexistent.h: No such file or directory
 #include <ac_nonexistent.h>
                            ^
compilation terminated.
configure:5805: $? = 1
configure: failed program was:
| /* confdefs.h */
| #define PACKAGE_NAME ""
| #define PACKAGE_TARNAME ""
| #define PACKAGE_VERSION ""
| #define PACKAGE_STRING ""
| #define PACKAGE_BUGREPORT ""
| #define PACKAGE_URL ""
| #define PACKAGE "ZThread"
| #define VERSION "2.3.3"
| #define STDC_HEADERS 1
| #define HAVE_SYS_TYPES_H 1
| #define HAVE_SYS_STAT_H 1
| #define HAVE_STDLIB_H 1
| #define HAVE_STRING_H 1
| #define HAVE_MEMORY_H 1
| #define HAVE_STRINGS_H 1
| #define HAVE_INTTYPES_H 1
| #define HAVE_STDINT_H 1
| #define HAVE_UNISTD_H 1
| #define HAVE_POSIX_THREADS /**/
| #define HAVE_SCHED_RT /**/
| #define HAVE_SCHED_YIELD /**/
| #define HAVE_PTHREAD_YIELD /**/
| #define HAVE_PTHREADKEY_CREATE /**/
| #define SYSTEM_FTIME ftime
| /* end confdefs.h.  */
| #include <ac_nonexistent.h>
configure:5830: result: g++ -E
configure:5850: g++ -E  conftest.cpp
configure:5850: $? = 0
configure:5864: g++ -E  conftest.cpp
conftest.cpp:27:28: fatal error: ac_nonexistent.h: No such file or directory
 #include <ac_nonexistent.h>
                            ^
compilation terminated.
configure:5864: $? = 1
configure: failed program was:
| /* confdefs.h */
| #define PACKAGE_NAME ""
| #define PACKAGE_TARNAME ""
| #define PACKAGE_VERSION ""
| #define PACKAGE_STRING ""
| #define PACKAGE_BUGREPORT ""
| #define PACKAGE_URL ""
| #define PACKAGE "ZThread"
| #define VERSION "2.3.3"
| #define STDC_HEADERS 1
| #define HAVE_SYS_TYPES_H 1
| #define HAVE_SYS_STAT_H 1
| #define HAVE_STDLIB_H 1
| #define HAVE_STRING_H 1
| #define HAVE_MEMORY_H 1
| #define HAVE_STRINGS_H 1
| #define HAVE_INTTYPES_H 1
| #define HAVE_STDINT_H 1
| #define HAVE_UNISTD_H 1
| #define HAVE_POSIX_THREADS /**/
| #define HAVE_SCHED_RT /**/
| #define HAVE_SCHED_YIELD /**/
| #define HAVE_PTHREAD_YIELD /**/
| #define HAVE_PTHREADKEY_CREATE /**/
| #define SYSTEM_FTIME ftime
| /* end confdefs.h.  */
| #include <ac_nonexistent.h>
configure:5893: checking for ANSI C header files
configure:5997: result: yes
configure:6007: checking errno.h usability
configure:6007: g++ -c -g -O2 -Wall  conftest.cpp >&5
configure:6007: $? = 0
configure:6007: result: yes
configure:6007: checking errno.h presence
configure:6007: g++ -E  conftest.cpp
configure:6007: $? = 0
configure:6007: result: yes
configure:6007: checking for errno.h
configure:6007: result: yes
configure:6043: checking for target implementation
configure:6108: result: compile-time guess
configure:6130: checking for sigsetjmp()
configure:6143: g++ -o conftest -g -O2 -Wall -DNDEBUG   conftest.cpp  >&5
configure:6143: $? = 0
configure:6144: result: yes
configure:6157: checking for _beginthreadex()
configure:6170: g++ -o conftest -g -O2 -Wall -DNDEBUG   conftest.cpp  >&5
conftest.cpp:29:21: fatal error: windows.h: No such file or directory
 #include <windows.h>
                     ^
compilation terminated.
configure:6170: $? = 1
configure: failed program was:
| /* confdefs.h */
| #define PACKAGE_NAME ""
| #define PACKAGE_TARNAME ""
| #define PACKAGE_VERSION ""
| #define PACKAGE_STRING ""
| #define PACKAGE_BUGREPORT ""
| #define PACKAGE_URL ""
| #define PACKAGE "ZThread"
| #define VERSION "2.3.3"
| #define STDC_HEADERS 1
| #define HAVE_SYS_TYPES_H 1
| #define HAVE_SYS_STAT_H 1
| #define HAVE_STDLIB_H 1
| #define HAVE_STRING_H 1
| #define HAVE_MEMORY_H 1
| #define HAVE_STRINGS_H 1
| #define HAVE_INTTYPES_H 1
| #define HAVE_STDINT_H 1
| #define HAVE_UNISTD_H 1
| #define HAVE_POSIX_THREADS /**/
| #define HAVE_SCHED_RT /**/
| #define HAVE_SCHED_YIELD /**/
| #define HAVE_PTHREAD_YIELD /**/
| #define HAVE_PTHREADKEY_CREATE /**/
| #define SYSTEM_FTIME ftime
| #define STDC_HEADERS 1
| #define HAVE_ERRNO_H 1
| /* end confdefs.h.  */
| #include <windows.h>
| int
| main ()
| {
| _beginthreadex((void*)0, 0, 0, (void*)0, 0, (void*)0);
|   ;
|   return 0;
| }
configure:6179: result: no
configure:6240: checking how to print strings
configure:6267: result: printf
configure:6288: checking for a sed that does not truncate output
configure:6352: result: /bin/sed
configure:6370: checking for fgrep
configure:6432: result: /bin/grep -F
configure:6467: checking for ld used by gcc
configure:6534: result: /usr/bin/ld
configure:6541: checking if the linker (/usr/bin/ld) is GNU ld
configure:6556: result: yes
configure:6568: checking for BSD- or MS-compatible name lister (nm)
configure:6617: result: /usr/bin/nm -B
configure:6747: checking the name lister (/usr/bin/nm -B) interface
configure:6754: g++ -c -g -O2 -Wall -DNDEBUG  conftest.cpp >&5
configure:6757: /usr/bin/nm -B "conftest.o"
configure:6760: output
0000000000000000 B some_variable
configure:6767: result: BSD nm
configure:6770: checking whether ln -s works
configure:6774: result: yes
configure:6782: checking the maximum length of command line arguments
configure:6913: result: 1572864
configure:6930: checking whether the shell understands some XSI constructs
configure:6940: result: yes
configure:6944: checking whether the shell understands "+="
configure:6950: result: yes
configure:6985: checking how to convert x86_64-unknown-linux-gnu file names to x86_64-unknown-linux-gnu format
configure:7025: result: func_convert_file_noop
configure:7032: checking how to convert x86_64-unknown-linux-gnu file names to toolchain format
configure:7052: result: func_convert_file_noop
configure:7059: checking for /usr/bin/ld option to reload object files
configure:7066: result: -r
configure:7140: checking for objdump
configure:7156: found /usr/bin/objdump
configure:7167: result: objdump
configure:7199: checking how to recognize dependent libraries
configure:7397: result: pass_all
configure:7482: checking for dlltool
configure:7512: result: no
configure:7542: checking how to associate runtime and link libraries
configure:7569: result: printf %s\n
configure:7629: checking for ar
configure:7645: found /usr/bin/ar
configure:7656: result: ar
configure:7693: checking for archiver @FILE support
configure:7710: g++ -c -g -O2 -Wall -DNDEBUG  conftest.cpp >&5
configure:7710: $? = 0
configure:7713: ar cru libconftest.a @conftest.lst >&5
configure:7716: $? = 0
configure:7721: ar cru libconftest.a @conftest.lst >&5
ar: conftest.o: No such file or directory
configure:7724: $? = 1
configure:7736: result: @
configure:7794: checking for strip
configure:7810: found /usr/bin/strip
configure:7821: result: strip
configure:7893: checking for ranlib
configure:7909: found /usr/bin/ranlib
configure:7920: result: ranlib
configure:8022: checking command to parse /usr/bin/nm -B output from gcc object
configure:8142: g++ -c -g -O2 -Wall -DNDEBUG  conftest.cpp >&5
configure:8145: $? = 0
configure:8149: /usr/bin/nm -B conftest.o \| sed -n -e 's/^.*[ ]\([ABCDGIRSTW][ABCDGIRSTW]*\)[ ][ ]*\([_A-Za-z][_A-Za-z0-9]*\)$/\1 \2 \2/p' | sed '/ __gnu_lto/d' \> conftest.nm
configure:8152: $? = 0
configure:8218: g++ -o conftest -g -O2 -Wall -DNDEBUG   conftest.cpp conftstm.o >&5
configure:8221: $? = 0
configure:8259: result: ok
configure:8296: checking for sysroot
configure:8326: result: no
configure:8403: g++ -c -g -O2 -Wall -DNDEBUG  conftest.cpp >&5
configure:8406: $? = 0
configure:8595: checking for mt
configure:8611: found /bin/mt
configure:8622: result: mt
configure:8645: checking if mt is a manifest tool
configure:8651: mt '-?'
configure:8659: result: no
configure:9298: checking for dlfcn.h
configure:9298: g++ -c -g -O2 -Wall -DNDEBUG  conftest.cpp >&5
configure:9298: $? = 0
configure:9298: result: yes
configure:9514: checking for objdir
configure:9529: result: .libs
configure:9800: checking if gcc supports -fno-rtti -fno-exceptions
configure:9818: gcc -c -g -O2  -fno-rtti -fno-exceptions conftest.c >&5
cc1: warning: command line option '-fno-rtti' is valid for C++/ObjC++ but not for C [enabled by default]
configure:9822: $? = 0
configure:9835: result: no
configure:10162: checking for gcc option to produce PIC
configure:10169: result: -fPIC -DPIC
configure:10177: checking if gcc PIC flag -fPIC -DPIC works
configure:10195: gcc -c -g -O2  -fPIC -DPIC -DPIC conftest.c >&5
configure:10199: $? = 0
configure:10212: result: yes
configure:10241: checking if gcc static flag -static works
configure:10269: result: yes
configure:10284: checking if gcc supports -c -o file.o
configure:10305: gcc -c -g -O2  -o out/conftest2.o conftest.c >&5
configure:10309: $? = 0
configure:10331: result: yes
configure:10339: checking if gcc supports -c -o file.o
configure:10386: result: yes
configure:10419: checking whether the gcc linker (/usr/bin/ld -m elf_x86_64) supports shared libraries
configure:11576: result: yes
configure:11613: checking whether -lc should be explicitly linked in
configure:11621: gcc -c -g -O2  conftest.c >&5
configure:11624: $? = 0
configure:11639: gcc -shared  -fPIC -DPIC conftest.o  -v -Wl,-soname -Wl,conftest -o conftest 2\>\&1 \| /bin/grep  -lc  \>/dev/null 2\>\&1
configure:11642: $? = 0
configure:11656: result: no
configure:11816: checking dynamic linker characteristics
configure:12316: gcc -o conftest -g -O2   -Wl,-rpath -Wl,/foo conftest.c  >&5
configure:12316: $? = 0
configure:12550: result: GNU/Linux ld.so
configure:12657: checking how to hardcode library paths into programs
configure:12682: result: immediate
configure:13222: checking whether stripping libraries is possible
configure:13227: result: yes
configure:13262: checking if libtool supports shared libraries
configure:13264: result: yes
configure:13267: checking whether to build shared libraries
configure:13288: result: yes
configure:13291: checking whether to build static libraries
configure:13295: result: yes
configure:13318: checking how to run the C++ preprocessor
configure:13384: result: g++ -E
configure:13404: g++ -E  conftest.cpp
configure:13404: $? = 0
configure:13418: g++ -E  conftest.cpp
conftest.cpp:31:28: fatal error: ac_nonexistent.h: No such file or directory
 #include <ac_nonexistent.h>
                            ^
compilation terminated.
configure:13418: $? = 1
configure: failed program was:
| /* confdefs.h */
| #define PACKAGE_NAME ""
| #define PACKAGE_TARNAME ""
| #define PACKAGE_VERSION ""
| #define PACKAGE_STRING ""
| #define PACKAGE_BUGREPORT ""
| #define PACKAGE_URL ""
| #define PACKAGE "ZThread"
| #define VERSION "2.3.3"
| #define STDC_HEADERS 1
| #define HAVE_SYS_TYPES_H 1
| #define HAVE_SYS_STAT_H 1
| #define HAVE_STDLIB_H 1
| #define HAVE_STRING_H 1
| #define HAVE_MEMORY_H 1
| #define HAVE_STRINGS_H 1
| #define HAVE_INTTYPES_H 1
| #define HAVE_STDINT_H 1
| #define HAVE_UNISTD_H 1
| #define HAVE_POSIX_THREADS /**/
| #define HAVE_SCHED_RT /**/
| #define HAVE_SCHED_YIELD /**/
| #define HAVE_PTHREAD_YIELD /**/
| #define HAVE_PTHREADKEY_CREATE /**/
| #define SYSTEM_FTIME ftime
| #define STDC_HEADERS 1
| #define HAVE_ERRNO_H 1
| #define HAVE_DLFCN_H 1
| #define LT_OBJDIR ".libs/"
| /* end confdefs.h.  */
| #include <ac_nonexistent.h>
configure:13587: checking for ld used by g++
configure:13654: result: /usr/bin/ld -m elf_x86_64
configure:13661: checking if the linker (/usr/bin/ld -m elf_x86_64) is GNU ld
configure:13676: result: yes
configure:13731: checking whether the g++ linker (/usr/bin/ld -m elf_x86_64) supports shared libraries
configure:14733: result: yes
configure:14769: g++ -c -g -O2 -Wall -DNDEBUG  conftest.cpp >&5
configure:14772: $? = 0
configure:15292: checking for g++ option to produce PIC
configure:15299: result: -fPIC -DPIC
configure:15307: checking if g++ PIC flag -fPIC -DPIC works
configure:15325: g++ -c -g -O2 -Wall -DNDEBUG  -fPIC -DPIC -DPIC conftest.cpp >&5
configure:15329: $? = 0
configure:15342: result: yes
configure:15365: checking if g++ static flag -static works
configure:15393: result: yes
configure:15405: checking if g++ supports -c -o file.o
configure:15426: g++ -c -g -O2 -Wall -DNDEBUG  -o out/conftest2.o conftest.cpp >&5
configure:15430: $? = 0
configure:15452: result: yes
configure:15457: checking if g++ supports -c -o file.o
configure:15504: result: yes
configure:15534: checking whether the g++ linker (/usr/bin/ld -m elf_x86_64) supports shared libraries
configure:15573: result: yes
configure:15714: checking dynamic linker characteristics
configure:16382: result: GNU/Linux ld.so
configure:16435: checking how to hardcode library paths into programs
configure:16460: result: immediate
configure:16635: checking that generated files are newer than configure
configure:16641: result: done
configure:16668: creating ./config.status

## ---------------------- ##
## Running config.status. ##
## ---------------------- ##

This file was extended by config.status, which was
generated by GNU Autoconf 2.69.  Invocation command line was

  CONFIG_FILES    = 
  CONFIG_HEADERS  = 
  CONFIG_LINKS    = 
  CONFIG_COMMANDS = 
  $ ./config.status 

on tangjianbo-Z97-HD3

config.status:1176: creating Makefile
config.status:1176: creating src/Makefile
config.status:1176: creating m4/zthread-config
config.status:1176: creating m4/zthread.spec
config.status:1176: creating src/config.h
config.status:1357: src/config.h is unchanged
config.status:1405: executing depfiles commands
config.status:1405: executing libtool commands

## ---------------- ##
## Cache variables. ##
## ---------------- ##

ac_cv_build=x86_64-unknown-linux-gnu
ac_cv_c_compiler_gnu=yes
ac_cv_cxx_compiler_gnu=yes
ac_cv_env_CCC_set=
ac_cv_env_CCC_value=
ac_cv_env_CC_set=
ac_cv_env_CC_value=
ac_cv_env_CFLAGS_set=
ac_cv_env_CFLAGS_value=
ac_cv_env_CPPFLAGS_set=
ac_cv_env_CPPFLAGS_value=
ac_cv_env_CPP_set=
ac_cv_env_CPP_value=
ac_cv_env_CXXCPP_set=
ac_cv_env_CXXCPP_value=
ac_cv_env_CXXFLAGS_set=
ac_cv_env_CXXFLAGS_value=
ac_cv_env_CXX_set=
ac_cv_env_CXX_value=
ac_cv_env_LDFLAGS_set=
ac_cv_env_LDFLAGS_value=
ac_cv_env_LIBS_set=
ac_cv_env_LIBS_value=
ac_cv_env_build_alias_set=
ac_cv_env_build_alias_value=
ac_cv_env_host_alias_set=
ac_cv_env_host_alias_value=
ac_cv_env_target_alias_set=
ac_cv_env_target_alias_value=
ac_cv_header_dlfcn_h=yes
ac_cv_header_errno_h=yes
ac_cv_header_inttypes_h=yes
ac_cv_header_memory_h=yes
ac_cv_header_pthread_h=yes
ac_cv_header_stdc=yes
ac_cv_header_stdint_h=yes
ac_cv_header_stdlib_h=yes
ac_cv_header_string_h=yes
ac_cv_header_strings_h=yes
ac_cv_header_sys_stat_h=yes
ac_cv_header_sys_time_h=yes
ac_cv_header_sys_timeb_h=yes
ac_cv_header_sys_types_h=yes
ac_cv_header_unistd_h=yes
ac_cv_host=x86_64-unknown-linux-gnu
ac_cv_lib_rt_sched_get_priority_max=yes
ac_cv_objext=o
ac_cv_path_EGREP='/bin/grep -E'
ac_cv_path_FGREP='/bin/grep -F'
ac_cv_path_GREP=/bin/grep
ac_cv_path_SED=/bin/sed
ac_cv_path_install='/usr/bin/install -c'
ac_cv_path_mkdir=/bin/mkdir
ac_cv_prog_AWK=mawk
ac_cv_prog_CPP='gcc -E'
ac_cv_prog_CXXCPP='g++ -E'
ac_cv_prog_ac_ct_AR=ar
ac_cv_prog_ac_ct_CC=gcc
ac_cv_prog_ac_ct_CXX=g++
ac_cv_prog_ac_ct_MANIFEST_TOOL=mt
ac_cv_prog_ac_ct_OBJDUMP=objdump
ac_cv_prog_ac_ct_RANLIB=ranlib
ac_cv_prog_ac_ct_STRIP=strip
ac_cv_prog_cc_c89=
ac_cv_prog_cc_g=yes
ac_cv_prog_cxx_g=yes
ac_cv_prog_make_make_set=yes
ac_cv_target=x86_64-unknown-linux-gnu
am_cv_CC_dependencies_compiler_type=gcc3
am_cv_CXX_dependencies_compiler_type=gcc3
am_cv_make_support_nested_variables=yes
am_cv_prog_cc_c_o=yes
lt_cv_ar_at_file=@
lt_cv_archive_cmds_need_lc=no
lt_cv_deplibs_check_method=pass_all
lt_cv_file_magic_cmd='$MAGIC_CMD'
lt_cv_file_magic_test_file=
lt_cv_ld_reload_flag=-r
lt_cv_nm_interface='BSD nm'
lt_cv_objdir=.libs
lt_cv_path_LD=/usr/bin/ld
lt_cv_path_LDCXX='/usr/bin/ld -m elf_x86_64'
lt_cv_path_NM='/usr/bin/nm -B'
lt_cv_path_mainfest_tool=no
lt_cv_prog_compiler_c_o=yes
lt_cv_prog_compiler_c_o_CXX=yes
lt_cv_prog_compiler_pic='-fPIC -DPIC'
lt_cv_prog_compiler_pic_CXX='-fPIC -DPIC'
lt_cv_prog_compiler_pic_works=yes
lt_cv_prog_compiler_pic_works_CXX=yes
lt_cv_prog_compiler_rtti_exceptions=no
lt_cv_prog_compiler_static_works=yes
lt_cv_prog_compiler_static_works_CXX=yes
lt_cv_prog_gnu_ld=yes
lt_cv_prog_gnu_ldcxx=yes
lt_cv_sharedlib_from_linklib_cmd='printf %s\n'
lt_cv_shlibpath_overrides_runpath=no
lt_cv_sys_global_symbol_pipe='sed -n -e '\''s/^.*[	 ]\([ABCDGIRSTW][ABCDGIRSTW]*\)[	 ][	 ]*\([_A-Za-z][_A-Za-z0-9]*\)$/\1 \2 \2/p'\'' | sed '\''/ __gnu_lto/d'\'''
lt_cv_sys_global_symbol_to_c_name_address='sed -n -e '\''s/^: \([^ ]*\)[ ]*$/  {\"\1\", (void *) 0},/p'\'' -e '\''s/^[ABCDGIRSTW]* \([^ ]*\) \([^ ]*\)$/  {"\2", (void *) \&\2},/p'\'''
lt_cv_sys_global_symbol_to_c_name_address_lib_prefix='sed -n -e '\''s/^: \([^ ]*\)[ ]*$/  {\"\1\", (void *) 0},/p'\'' -e '\''s/^[ABCDGIRSTW]* \([^ ]*\) \(lib[^ ]*\)$/  {"\2", (void *) \&\2},/p'\'' -e '\''s/^[ABCDGIRSTW]* \([^ ]*\) \([^ ]*\)$/  {"lib\2", (void *) \&\2},/p'\'''
lt_cv_sys_global_symbol_to_cdecl='sed -n -e '\''s/^T .* \(.*\)$/extern int \1();/p'\'' -e '\''s/^[ABCDGIRSTW]* .* \(.*\)$/extern char \1;/p'\'''
lt_cv_sys_max_cmd_len=1572864
lt_cv_to_host_file_cmd=func_convert_file_noop
lt_cv_to_tool_file_cmd=func_convert_file_noop

## ----------------- ##
## Output variables. ##
## ----------------- ##

ACLOCAL='${SHELL} /home/tangjianbo/Downloads/zthread-master/missing aclocal-1.14 -I m4'
AMDEPBACKSLASH='\'
AMDEP_FALSE='#'
AMDEP_TRUE=''
AMTAR='$${TAR-tar}'
AM_BACKSLASH='\'
AM_DEFAULT_V='$(AM_DEFAULT_VERBOSITY)'
AM_DEFAULT_VERBOSITY='1'
AM_V='$(V)'
AR='ar'
AUTOCONF='${SHELL} /home/tangjianbo/Downloads/zthread-master/missing autoconf'
AUTOHEADER='${SHELL} /home/tangjianbo/Downloads/zthread-master/missing autoheader'
AUTOMAKE='${SHELL} /home/tangjianbo/Downloads/zthread-master/missing automake-1.14'
AWK='mawk'
CC='gcc'
CCDEPMODE='depmode=gcc3'
CFLAGS='-g -O2'
COMPILER_OPTIONS=' -g -O2 -Wall -DNDEBUG'
CPP='gcc -E'
CPPFLAGS=''
CXX='g++'
CXXCPP='g++ -E'
CXXDEPMODE='depmode=gcc3'
CXXFLAGS='-g -O2 -Wall -DNDEBUG'
CYGPATH_W='echo'
DEFS='-DHAVE_CONFIG_H'
DEPDIR='.deps'
DLLTOOL='false'
DOXYGEN=''
DSYMUTIL=''
DUMPBIN=''
ECHO_C=''
ECHO_N='-n'
ECHO_T=''
EGREP='/bin/grep -E'
EXEEXT=''
EXTRA_COMPILER_OPTIONS=''
EXTRA_LINKER_OPTIONS=''
FGREP='/bin/grep -F'
GREP='/bin/grep'
INSTALL_DATA='${INSTALL} -m 644'
INSTALL_PROGRAM='${INSTALL}'
INSTALL_SCRIPT='${INSTALL}'
INSTALL_STRIP_PROGRAM='$(install_sh) -c -s'
LD='/usr/bin/ld -m elf_x86_64'
LDFLAGS=''
LIBOBJS=''
LIBS=''
LIBTOOL='$(SHELL) $(top_builddir)/libtool'
LINKER_OPTIONS='  -lpthread -lrt '
LIPO=''
LN_S='ln -s'
LTLIBOBJS=''
LT_AGE='0'
LT_CURRENT='3'
LT_RELEASE='2.3'
LT_REVISION='0'
MAKEINFO='${SHELL} /home/tangjianbo/Downloads/zthread-master/missing makeinfo'
MANIFEST_TOOL=':'
MKDIR_P='/bin/mkdir -p'
NM='/usr/bin/nm -B'
NMEDIT=''
OBJDUMP='objdump'
OBJEXT='o'
OTOOL64=''
OTOOL=''
PACKAGE='ZThread'
PACKAGE_BUGREPORT=''
PACKAGE_NAME=''
PACKAGE_STRING=''
PACKAGE_TARNAME=''
PACKAGE_URL=''
PACKAGE_VERSION=''
PATH_SEPARATOR=':'
PTHREAD_CXXFLAGS='-DREENTRANT '
PTHREAD_LIBS='  -lpthread -lrt'
RANLIB='ranlib'
SED='/bin/sed'
SET_MAKE=''
SHELL='/bin/bash'
STRIP='strip'
SUBDIRS='src'
VERSION='2.3.3'
ZT_BINARY_AGE='0'
ZT_INTERFACE_AGE='0'
ZT_MAJOR_VERSION='2'
ZT_MICRO_VERSION='3'
ZT_MINOR_VERSION='3'
ZT_VERSION='2.3.3'
ac_ct_AR='ar'
ac_ct_CC='gcc'
ac_ct_CXX='g++'
ac_ct_DUMPBIN=''
am__EXEEXT_FALSE=''
am__EXEEXT_TRUE='#'
am__fastdepCC_FALSE='#'
am__fastdepCC_TRUE=''
am__fastdepCXX_FALSE='#'
am__fastdepCXX_TRUE=''
am__include='include'
am__isrc=''
am__leading_dot='.'
am__nodep='_no'
am__quote=''
am__tar='$${TAR-tar} chof - "$$tardir"'
am__untar='$${TAR-tar} xf -'
bindir='${exec_prefix}/bin'
build='x86_64-unknown-linux-gnu'
build_alias=''
build_cpu='x86_64'
build_os='linux-gnu'
build_vendor='unknown'
datadir='${datarootdir}'
datarootdir='${prefix}/share'
docdir='${datarootdir}/doc/${PACKAGE}'
dvidir='${docdir}'
exec_prefix='${prefix}'
host='x86_64-unknown-linux-gnu'
host_alias=''
host_cpu='x86_64'
host_os='linux-gnu'
host_vendor='unknown'
htmldir='${docdir}'
includedir='${prefix}/include'
infodir='${datarootdir}/info'
install_sh='${SHELL} /home/tangjianbo/Downloads/zthread-master/install-sh'
libdir='${exec_prefix}/lib'
libexecdir='${exec_prefix}/libexec'
localedir='${datarootdir}/locale'
localstatedir='${prefix}/var'
mandir='${datarootdir}/man'
mkdir_p='$(MKDIR_P)'
oldincludedir='/usr/include'
pdfdir='${docdir}'
prefix='/usr/local'
program_transform_name='s,x,x,'
psdir='${docdir}'
sbindir='${exec_prefix}/sbin'
sharedstatedir='${prefix}/com'
sysconfdir='${prefix}/etc'
target='x86_64-unknown-linux-gnu'
target_alias=''
target_cpu='x86_64'
target_os='linux-gnu'
target_vendor='unknown'

## ----------- ##
## confdefs.h. ##
## ----------- ##

/* confdefs.h */
#define PACKAGE_NAME ""
#define PACKAGE_TARNAME ""
#define PACKAGE_VERSION ""
#define PACKAGE_STRING ""
#define PACKAGE_BUGREPORT ""
#define PACKAGE_URL ""
#define PACKAGE "ZThread"
#define VERSION "2.3.3"
#define STDC_HEADERS 1
#define HAVE_SYS_TYPES_H 1
#define HAVE_SYS_STAT_H 1
#define HAVE_STDLIB_H 1
#define HAVE_STRING_H 1
#define HAVE_MEMORY_H 1
#define HAVE_STRINGS_H 1
#define HAVE_INTTYPES_H 1
#define HAVE_STDINT_H 1
#define HAVE_UNISTD_H 1
#define HAVE_POSIX_THREADS /**/
#define HAVE_SCHED_RT /**/
#define HAVE_SCHED_YIELD /**/
#define HAVE_PTHREAD_YIELD /**/
#define HAVE_PTHREADKEY_CREATE /**/
#define SYSTEM_FTIME ftime
#define STDC_HEADERS 1
#define HAVE_ERRNO_H 1
#define HAVE_DLFCN_H 1
#define LT_OBJDIR ".libs/"

configure: exit 0
